2025-05-20 16:13:53,084 - DEBUG - Using proactor: IocpProactor
2025-05-20 16:13:53,192 - DEBUG - Calling RecurringTask.__init__(func=_emit_system_info_event, delay=0:00:01)...
2025-05-20 16:13:53,192 - DEBUG - Calling RecurringTask.__init__(func=_emit_persist_state_event, delay=0:01:00)...
2025-05-20 16:13:53,192 - DEBUG - Calling RecurringTask.__init__(func=_emit_system_info_event, delay=0:00:01)...
2025-05-20 16:13:53,192 - DEBUG - Calling RecurringTask.__init__(func=_emit_persist_state_event, delay=0:01:00)...
2025-05-20 16:13:53,238 - DEBUG - Calling RecurringTask.__init__(func=_identify_inactive_browsers, delay=0:00:20)...
2025-05-20 16:13:53,238 - DEBUG - Calling RecurringTask.__init__(func=_close_inactive_browsers, delay=0:00:30)...
2025-05-20 16:27:26,897 - DEBUG - Using proactor: IocpProactor
2025-05-20 16:27:26,998 - DEBUG - Calling RecurringTask.__init__(func=_emit_system_info_event, delay=0:00:01)...
2025-05-20 16:27:26,998 - DEBUG - Calling RecurringTask.__init__(func=_emit_persist_state_event, delay=0:01:00)...
2025-05-20 16:27:26,998 - DEBUG - Calling RecurringTask.__init__(func=_emit_system_info_event, delay=0:00:01)...
2025-05-20 16:27:26,999 - DEBUG - Calling RecurringTask.__init__(func=_emit_persist_state_event, delay=0:01:00)...
2025-05-20 16:27:27,044 - DEBUG - Calling RecurringTask.__init__(func=_identify_inactive_browsers, delay=0:00:20)...
2025-05-20 16:27:27,044 - DEBUG - Calling RecurringTask.__init__(func=_close_inactive_browsers, delay=0:00:30)...
2025-05-20 16:30:19,003 - DEBUG - Using proactor: IocpProactor
2025-05-20 16:30:19,111 - DEBUG - Calling RecurringTask.__init__(func=_emit_system_info_event, delay=0:00:01)...
2025-05-20 16:30:19,111 - DEBUG - Calling RecurringTask.__init__(func=_emit_persist_state_event, delay=0:01:00)...
2025-05-20 16:30:19,111 - DEBUG - Calling RecurringTask.__init__(func=_emit_system_info_event, delay=0:00:01)...
2025-05-20 16:30:19,111 - DEBUG - Calling RecurringTask.__init__(func=_emit_persist_state_event, delay=0:01:00)...
2025-05-20 16:30:19,157 - DEBUG - Calling RecurringTask.__init__(func=_identify_inactive_browsers, delay=0:00:20)...
2025-05-20 16:30:19,157 - DEBUG - Calling RecurringTask.__init__(func=_close_inactive_browsers, delay=0:00:30)...
2025-05-20 16:33:19,097 - DEBUG - Using proactor: IocpProactor
2025-05-20 16:33:19,204 - DEBUG - Calling RecurringTask.__init__(func=_emit_system_info_event, delay=0:00:01)...
2025-05-20 16:33:19,204 - DEBUG - Calling RecurringTask.__init__(func=_emit_persist_state_event, delay=0:01:00)...
2025-05-20 16:33:19,204 - DEBUG - Calling RecurringTask.__init__(func=_emit_system_info_event, delay=0:00:01)...
2025-05-20 16:33:19,204 - DEBUG - Calling RecurringTask.__init__(func=_emit_persist_state_event, delay=0:01:00)...
2025-05-20 16:33:19,249 - DEBUG - Calling RecurringTask.__init__(func=_identify_inactive_browsers, delay=0:00:20)...
2025-05-20 16:33:19,249 - DEBUG - Calling RecurringTask.__init__(func=_close_inactive_browsers, delay=0:00:30)...
2025-05-20 16:36:50,554 - DEBUG - Using proactor: IocpProactor
2025-05-20 16:36:50,677 - DEBUG - Calling RecurringTask.__init__(func=_emit_system_info_event, delay=0:00:01)...
2025-05-20 16:36:50,677 - DEBUG - Calling RecurringTask.__init__(func=_emit_persist_state_event, delay=0:01:00)...
2025-05-20 16:36:50,677 - DEBUG - Calling RecurringTask.__init__(func=_emit_system_info_event, delay=0:00:01)...
2025-05-20 16:36:50,677 - DEBUG - Calling RecurringTask.__init__(func=_emit_persist_state_event, delay=0:01:00)...
2025-05-20 16:36:50,722 - DEBUG - Calling RecurringTask.__init__(func=_identify_inactive_browsers, delay=0:00:20)...
2025-05-20 16:36:50,722 - DEBUG - Calling RecurringTask.__init__(func=_close_inactive_browsers, delay=0:00:30)...
2025-05-20 16:51:58,373 - DEBUG - Using proactor: IocpProactor
2025-05-20 16:51:58,477 - DEBUG - Calling RecurringTask.__init__(func=_emit_system_info_event, delay=0:00:01)...
2025-05-20 16:51:58,477 - DEBUG - Calling RecurringTask.__init__(func=_emit_persist_state_event, delay=0:01:00)...
2025-05-20 16:51:58,477 - DEBUG - Calling RecurringTask.__init__(func=_emit_system_info_event, delay=0:00:01)...
2025-05-20 16:51:58,477 - DEBUG - Calling RecurringTask.__init__(func=_emit_persist_state_event, delay=0:01:00)...
2025-05-20 16:51:58,521 - DEBUG - Calling RecurringTask.__init__(func=_identify_inactive_browsers, delay=0:00:20)...
2025-05-20 16:51:58,521 - DEBUG - Calling RecurringTask.__init__(func=_close_inactive_browsers, delay=0:00:30)...
